<?xml version="1.0" encoding="UTF-8"?>
<!-- Generated by org.testng.reporters.JUnitReportReporter -->
<testsuite skipped="0" hostname="LAPTOP-2ETIJKAP" name="variousConcepts.learnTestNG" tests="1" failures="0" timestamp="2022-08-19T18:58:26 CDT" time="9.892" errors="0">
  <testcase name="loginTest" time="9.892" classname="variousConcepts.learnTestNG"/>
  <system-out/>
</testsuite> <!-- variousConcepts.learnTestNG -->
